<?xml version="1.0" encoding="UTF-8"?>
<testsuite xmlns:xsi="http://www.w3.org/2001/XMLSchema-instance" xsi:noNamespaceSchemaLocation="https://maven.apache.org/surefire/maven-surefire-plugin/xsd/surefire-test-report.xsd" version="3.0.2" name="com.microservices.service_registry.ServiceRegistryApplicationTests" time="1.993" tests="1" errors="0" skipped="0" failures="0">
  <properties>
[...]
</properties>
  <testcase name="contextLoads" classname="com.microservices.service_registry.ServiceRegistryApplicationTests" time="0.378">
    <system-out><![CDATA[17:30:08.016 [main] INFO org.springframework.test.context.support.AnnotationConfigContextLoaderUtils -- Could not detect default configuration classes for test class [com.microservices.service_registry.ServiceRegistryApplicationTests]: ServiceRegistryApplicationTests does not declare any static, non-private, non-final, nested classes annotated with @Configuration.
17:30:08.072 [main] INFO org.springframework.boot.test.context.SpringBootTestContextBootstrapper -- Found @SpringBootConfiguration com.microservices.service_registry.ServiceRegistryApplication for test class com.microservices.service_registry.ServiceRegistryApplicationTests

  .   ____          _            __ _ _
 /\\ / ___'_ __ _ _(_)_ __  __ _ \ \ \ \
( ( )\___ | '_ | '_| | '_ \/ _` | \ \ \ \
 \\/  ___)| |_)| | | | | || (_| |  ) ) ) )
  '  |____| .__|_| |_|_| |_\__, | / / / /
 =========|_|==============|___/=/_/_/_/

 :: Spring Boot ::                (v3.4.5)

2025-05-06T17:30:08.418-04:00  INFO 16244 --- [service-registry] [           main] c.m.s.ServiceRegistryApplicationTests    : Starting ServiceRegistryApplicationTests using Java 23.0.1 with PID 16244 (started by saisridharparimi in /Users/saisridharparimi/Documents/GitHub/java-spring-boot/employee-microservice/service-registry)
2025-05-06T17:30:08.419-04:00  INFO 16244 --- [service-registry] [           main] c.m.s.ServiceRegistryApplicationTests    : No active profile set, falling back to 1 default profile: "default"
2025-05-06T17:30:08.797-04:00  INFO 16244 --- [service-registry] [           main] o.s.cloud.context.scope.GenericScope     : BeanFactory id=2b203c44-a089-304d-925e-5cbb422934a3
2025-05-06T17:30:08.986-04:00  INFO 16244 --- [service-registry] [           main] o.s.v.b.OptionalValidatorFactoryBean     : Failed to set up a Bean Validation provider: jakarta.validation.NoProviderFoundException: Unable to create a Configuration, because no Jakarta Bean Validation provider could be found. Add a provider like Hibernate Validator (RI) to your classpath.
2025-05-06T17:30:09.298-04:00  WARN 16244 --- [service-registry] [           main] iguration$LoadBalancerCaffeineWarnLogger : Spring Cloud LoadBalancer is currently working with the default cache. While this cache implementation is useful for development and tests, it's recommended to use Caffeine cache in production.You can switch to using Caffeine cache, by adding it and org.springframework.cache.caffeine.CaffeineCacheManager to the classpath.
2025-05-06T17:30:09.407-04:00  INFO 16244 --- [service-registry] [           main] o.s.c.n.eureka.InstanceInfoFactory       : Setting initial instance status as: STARTING
2025-05-06T17:30:09.415-04:00  INFO 16244 --- [service-registry] [           main] com.netflix.discovery.DiscoveryClient    : Initializing Eureka in region us-east-1
2025-05-06T17:30:09.415-04:00  INFO 16244 --- [service-registry] [           main] com.netflix.discovery.DiscoveryClient    : Client configured to neither register nor query for data.
2025-05-06T17:30:09.416-04:00  INFO 16244 --- [service-registry] [           main] com.netflix.discovery.DiscoveryClient    : Discovery Client initialized at timestamp 1746567009416 with initial instances count: 0
2025-05-06T17:30:09.432-04:00  INFO 16244 --- [service-registry] [           main] c.n.eureka.DefaultEurekaServerContext    : Initializing ...
2025-05-06T17:30:09.433-04:00  WARN 16244 --- [service-registry] [           main] c.n.eureka.cluster.PeerEurekaNodes       : The replica size seems to be empty. Check the route 53 DNS Registry
2025-05-06T17:30:09.437-04:00  INFO 16244 --- [service-registry] [           main] c.n.e.registry.AbstractInstanceRegistry  : Finished initializing remote region registries. All known remote regions: []
2025-05-06T17:30:09.437-04:00  INFO 16244 --- [service-registry] [           main] c.n.eureka.DefaultEurekaServerContext    : Initialized
2025-05-06T17:30:09.491-04:00  INFO 16244 --- [service-registry] [           main] o.s.b.a.e.web.EndpointLinksResolver      : Exposing 1 endpoint beneath base path '/actuator'
2025-05-06T17:30:09.511-04:00  INFO 16244 --- [service-registry] [           main] o.s.c.n.e.s.EurekaServiceRegistry        : Registering application SERVICE-REGISTRY with eureka with status UP
2025-05-06T17:30:09.515-04:00  INFO 16244 --- [service-registry] [      Thread-10] o.s.c.n.e.server.EurekaServerBootstrap   : isAws returned false
2025-05-06T17:30:09.515-04:00  INFO 16244 --- [service-registry] [      Thread-10] o.s.c.n.e.server.EurekaServerBootstrap   : Initialized server context
2025-05-06T17:30:09.515-04:00  INFO 16244 --- [service-registry] [      Thread-10] c.n.e.r.PeerAwareInstanceRegistryImpl    : Got 1 instances from neighboring DS node
2025-05-06T17:30:09.515-04:00  INFO 16244 --- [service-registry] [      Thread-10] c.n.e.r.PeerAwareInstanceRegistryImpl    : Renew threshold is: 1
2025-05-06T17:30:09.515-04:00  INFO 16244 --- [service-registry] [      Thread-10] c.n.e.r.PeerAwareInstanceRegistryImpl    : Changing status to UP
2025-05-06T17:30:09.516-04:00  INFO 16244 --- [service-registry] [      Thread-10] e.s.EurekaServerInitializerConfiguration : Started Eureka Server
2025-05-06T17:30:09.526-04:00  INFO 16244 --- [service-registry] [           main] c.m.s.ServiceRegistryApplicationTests    : Started ServiceRegistryApplicationTests in 1.28 seconds (process running for 1.809)
]]></system-out>
    <system-err><![CDATA[Mockito is currently self-attaching to enable the inline-mock-maker. This will no longer work in future releases of the JDK. Please add Mockito as an agent to your build what is described in Mockito's documentation: https://javadoc.io/doc/org.mockito/mockito-core/latest/org/mockito/Mockito.html#0.3
WARNING: A Java agent has been loaded dynamically (/Users/saisridharparimi/.m2/repository/net/bytebuddy/byte-buddy-agent/1.15.11/byte-buddy-agent-1.15.11.jar)
WARNING: If a serviceability tool is in use, please run with -XX:+EnableDynamicAgentLoading to hide this warning
WARNING: If a serviceability tool is not in use, please run with -Djdk.instrument.traceUsage for more information
WARNING: Dynamic loading of agents will be disallowed by default in a future release
]]></system-err>
  </testcase>
</testsuite>